State 0:
          start ::= * expr
          expr ::= * expr PLUS expr
          expr ::= * expr MINUS expr
          expr ::= * expr TIMES expr
          expr ::= * expr DIVIDE expr
          expr ::= * MINUS expr
          expr ::= * LPAR expr RPAR
          expr ::= * number
          number ::= * NUMBER

                         MINUS shift        2      
                          LPAR shift        1      
                        NUMBER shift        7      
                         start accept
                          expr shift        16     
                        number shift        8      

State 1:
          expr ::= * expr PLUS expr
          expr ::= * expr MINUS expr
          expr ::= * expr TIMES expr
          expr ::= * expr DIVIDE expr
          expr ::= * MINUS expr
          expr ::= * LPAR expr RPAR
          expr ::= LPAR * expr RPAR
          expr ::= * number
          number ::= * NUMBER

                         MINUS shift        2      
                          LPAR shift        1      
                        NUMBER shift        7      
                          expr shift        15     
                        number shift        8      

State 2:
          expr ::= * expr PLUS expr
          expr ::= * expr MINUS expr
          expr ::= * expr TIMES expr
          expr ::= * expr DIVIDE expr
          expr ::= * MINUS expr
          expr ::= MINUS * expr
          expr ::= * LPAR expr RPAR
          expr ::= * number
          number ::= * NUMBER

                         MINUS shift        2      
                          LPAR shift        1      
                        NUMBER shift        7      
                          expr shift        10     
                        number shift        8      

State 3:
          expr ::= * expr PLUS expr
          expr ::= * expr MINUS expr
          expr ::= * expr TIMES expr
          expr ::= * expr DIVIDE expr
          expr ::= expr DIVIDE * expr
          expr ::= * MINUS expr
          expr ::= * LPAR expr RPAR
          expr ::= * number
          number ::= * NUMBER

                         MINUS shift        2      
                          LPAR shift        1      
                        NUMBER shift        7      
                          expr shift        11     
                        number shift        8      

State 4:
          expr ::= * expr PLUS expr
          expr ::= * expr MINUS expr
          expr ::= * expr TIMES expr
          expr ::= expr TIMES * expr
          expr ::= * expr DIVIDE expr
          expr ::= * MINUS expr
          expr ::= * LPAR expr RPAR
          expr ::= * number
          number ::= * NUMBER

                         MINUS shift        2      
                          LPAR shift        1      
                        NUMBER shift        7      
                          expr shift        12     
                        number shift        8      

State 5:
          expr ::= * expr PLUS expr
          expr ::= * expr MINUS expr
          expr ::= expr MINUS * expr
          expr ::= * expr TIMES expr
          expr ::= * expr DIVIDE expr
          expr ::= * MINUS expr
          expr ::= * LPAR expr RPAR
          expr ::= * number
          number ::= * NUMBER

                         MINUS shift        2      
                          LPAR shift        1      
                        NUMBER shift        7      
                          expr shift        13     
                        number shift        8      

State 6:
          expr ::= * expr PLUS expr
          expr ::= expr PLUS * expr
          expr ::= * expr MINUS expr
          expr ::= * expr TIMES expr
          expr ::= * expr DIVIDE expr
          expr ::= * MINUS expr
          expr ::= * LPAR expr RPAR
          expr ::= * number
          number ::= * NUMBER

                         MINUS shift        2      
                          LPAR shift        1      
                        NUMBER shift        7      
                          expr shift        14     
                        number shift        8      

State 7:
      (8) number ::= NUMBER *

                             $ reduce       8      number ::= NUMBER
                          PLUS reduce       8      number ::= NUMBER
                         MINUS reduce       8      number ::= NUMBER
                         TIMES reduce       8      number ::= NUMBER
                        DIVIDE reduce       8      number ::= NUMBER
                          RPAR reduce       8      number ::= NUMBER

State 8:
      (7) expr ::= number *

                             $ reduce       7      expr ::= number
                          PLUS reduce       7      expr ::= number
                         MINUS reduce       7      expr ::= number
                         TIMES reduce       7      expr ::= number
                        DIVIDE reduce       7      expr ::= number
                          RPAR reduce       7      expr ::= number

State 9:
      (6) expr ::= LPAR expr RPAR *

                             $ reduce       6      expr ::= LPAR expr RPAR
                          PLUS reduce       6      expr ::= LPAR expr RPAR
                         MINUS reduce       6      expr ::= LPAR expr RPAR
                         TIMES reduce       6      expr ::= LPAR expr RPAR
                        DIVIDE reduce       6      expr ::= LPAR expr RPAR
                          RPAR reduce       6      expr ::= LPAR expr RPAR

State 10:
          expr ::= expr * PLUS expr
          expr ::= expr * MINUS expr
          expr ::= expr * TIMES expr
          expr ::= expr * DIVIDE expr
      (5) expr ::= MINUS expr *

                             $ reduce       5      expr ::= MINUS expr
                          PLUS reduce       5      expr ::= MINUS expr
                         MINUS reduce       5      expr ::= MINUS expr
                         TIMES reduce       5      expr ::= MINUS expr
                        DIVIDE reduce       5      expr ::= MINUS expr
                          RPAR reduce       5      expr ::= MINUS expr

State 11:
          expr ::= expr * PLUS expr
          expr ::= expr * MINUS expr
          expr ::= expr * TIMES expr
          expr ::= expr * DIVIDE expr
      (4) expr ::= expr DIVIDE expr *

                             $ reduce       4      expr ::= expr DIVIDE expr
                          PLUS reduce       4      expr ::= expr DIVIDE expr
                         MINUS reduce       4      expr ::= expr DIVIDE expr
                         TIMES reduce       4      expr ::= expr DIVIDE expr
                        DIVIDE reduce       4      expr ::= expr DIVIDE expr
                          RPAR reduce       4      expr ::= expr DIVIDE expr

State 12:
          expr ::= expr * PLUS expr
          expr ::= expr * MINUS expr
          expr ::= expr * TIMES expr
      (3) expr ::= expr TIMES expr *
          expr ::= expr * DIVIDE expr

                             $ reduce       3      expr ::= expr TIMES expr
                          PLUS reduce       3      expr ::= expr TIMES expr
                         MINUS reduce       3      expr ::= expr TIMES expr
                         TIMES reduce       3      expr ::= expr TIMES expr
                        DIVIDE reduce       3      expr ::= expr TIMES expr
                          RPAR reduce       3      expr ::= expr TIMES expr

State 13:
          expr ::= expr * PLUS expr
          expr ::= expr * MINUS expr
      (2) expr ::= expr MINUS expr *
          expr ::= expr * TIMES expr
          expr ::= expr * DIVIDE expr

                             $ reduce       2      expr ::= expr MINUS expr
                          PLUS reduce       2      expr ::= expr MINUS expr
                         MINUS reduce       2      expr ::= expr MINUS expr
                         TIMES shift        4      
                        DIVIDE shift        3      
                          RPAR reduce       2      expr ::= expr MINUS expr

State 14:
          expr ::= expr * PLUS expr
      (1) expr ::= expr PLUS expr *
          expr ::= expr * MINUS expr
          expr ::= expr * TIMES expr
          expr ::= expr * DIVIDE expr

                             $ reduce       1      expr ::= expr PLUS expr
                          PLUS reduce       1      expr ::= expr PLUS expr
                         MINUS reduce       1      expr ::= expr PLUS expr
                         TIMES shift        4      
                        DIVIDE shift        3      
                          RPAR reduce       1      expr ::= expr PLUS expr

State 15:
          expr ::= expr * PLUS expr
          expr ::= expr * MINUS expr
          expr ::= expr * TIMES expr
          expr ::= expr * DIVIDE expr
          expr ::= LPAR expr * RPAR

                          PLUS shift        6      
                         MINUS shift        5      
                         TIMES shift        4      
                        DIVIDE shift        3      
                          RPAR shift        9      

State 16:
      (0) start ::= expr *
          expr ::= expr * PLUS expr
          expr ::= expr * MINUS expr
          expr ::= expr * TIMES expr
          expr ::= expr * DIVIDE expr

                             $ reduce       0      start ::= expr
                          PLUS shift        6      
                         MINUS shift        5      
                         TIMES shift        4      
                        DIVIDE shift        3      

----------------------------------------------------
Symbols:
The first-set of non-terminals is shown after the name.

    0: $:
    1: PLUS (precedence=1)
    2: MINUS (precedence=1)
    3: TIMES (precedence=2)
    4: DIVIDE (precedence=2)
    5: MOD (precedence=2)
    6: POW (precedence=2)
    7: IDENTITY (precedence=3)
    8: UMINUS (precedence=4)
    9: LPAR
   10: RPAR
   11: NUMBER
   12: start: MINUS LPAR NUMBER
   13: expr: MINUS LPAR NUMBER
   14: number: NUMBER
----------------------------------------------------
Syntax-only Symbols:
The following symbols never carry semantic content.

$ PLUS MINUS TIMES DIVIDE MOD POW IDENTITY UMINUS LPAR RPAR start
----------------------------------------------------
Rules:
   0: start ::= expr.
   1: expr ::= expr PLUS expr. [PLUS precedence=1]
   2: expr ::= expr MINUS expr. [MINUS precedence=1]
   3: expr ::= expr TIMES expr. [TIMES precedence=2]
   4: expr ::= expr DIVIDE expr. [DIVIDE precedence=2]
   5: expr ::= MINUS expr. [UMINUS precedence=4]
   6: expr ::= LPAR expr RPAR.
   7: expr ::= number.
   8: number ::= NUMBER.
